2025-07-05 00:40:27.121 +06:00 [INF] Application Starting Up...
2025-07-05 00:40:29.713 +06:00 [INF] Home page visited
2025-07-05 00:40:54.255 +06:00 [INF] Home page visited
2025-07-05 00:41:03.722 +06:00 [INF] Home page visited
2025-07-05 00:42:33.068 +06:00 [INF] Application Starting Up...
2025-07-05 00:42:34.345 +06:00 [INF] Home page visited
2025-07-05 00:42:34.853 +06:00 [INF] Dashboard page visited
2025-07-05 00:44:49.351 +06:00 [INF] Application Starting Up...
2025-07-05 00:44:50.650 +06:00 [INF] Home page visited
2025-07-05 00:44:53.728 +06:00 [INF] Dashboard page visited
2025-07-05 00:46:57.983 +06:00 [INF] Application Starting Up...
2025-07-05 00:46:59.222 +06:00 [INF] Home page visited
2025-07-05 00:46:59.824 +06:00 [INF] Dashboard page visited
2025-07-05 02:44:00.683 +06:00 [INF] Application Starting Up...
2025-07-05 02:44:03.210 +06:00 [INF] Home page visited
2025-07-05 02:46:50.507 +06:00 [INF] Application Starting Up...
2025-07-05 02:46:52.562 +06:00 [INF] Home page visited
2025-07-05 02:50:02.423 +06:00 [INF] Application Starting Up...
2025-07-05 02:50:04.434 +06:00 [INF] Home page visited
2025-07-05 02:50:06.447 +06:00 [INF] Dashboard page visited
2025-07-05 02:53:23.020 +06:00 [INF] Application Starting Up...
2025-07-05 02:53:24.552 +06:00 [INF] Home page visited
2025-07-05 02:53:48.714 +06:00 [INF] Home page visited
2025-07-05 02:56:04.199 +06:00 [INF] Home page visited
2025-07-05 02:58:08.732 +06:00 [INF] Application Starting Up...
2025-07-05 02:58:10.130 +06:00 [INF] Home page visited
2025-07-05 02:58:12.314 +06:00 [INF] Dashboard page visited
2025-07-05 03:03:04.920 +06:00 [INF] Application Starting Up...
2025-07-05 03:03:06.542 +06:00 [INF] Home page visited
2025-07-05 03:03:14.646 +06:00 [INF] Home page visited
2025-07-05 03:03:20.274 +06:00 [INF] Dashboard page visited
2025-07-05 03:06:04.585 +06:00 [INF] Application Starting Up...
2025-07-05 03:06:06.589 +06:00 [INF] Home page visited
2025-07-05 03:07:46.693 +06:00 [INF] Application Starting Up...
2025-07-05 03:07:48.283 +06:00 [INF] Home page visited
2025-07-05 03:07:51.616 +06:00 [INF] Home page visited
2025-07-05 03:12:07.624 +06:00 [INF] Application Starting Up...
2025-07-05 03:12:09.614 +06:00 [INF] Home page visited
2025-07-05 03:12:11.666 +06:00 [INF] Dashboard page visited
2025-07-05 03:13:26.897 +06:00 [INF] Application Starting Up...
2025-07-05 03:13:28.371 +06:00 [INF] Home page visited
2025-07-05 03:15:53.004 +06:00 [INF] Application Starting Up...
2025-07-05 03:15:54.441 +06:00 [INF] Home page visited
2025-07-05 03:15:57.804 +06:00 [INF] Home page visited
2025-07-05 03:23:47.742 +06:00 [INF] Application Starting Up...
2025-07-05 03:23:51.228 +06:00 [INF] Home page visited
2025-07-05 03:25:26.986 +06:00 [INF] Application Starting Up...
2025-07-05 03:25:28.621 +06:00 [INF] Home page visited
2025-07-05 03:28:11.108 +06:00 [INF] Application Starting Up...
2025-07-05 03:28:12.599 +06:00 [INF] Home page visited
2025-07-05 03:34:17.369 +06:00 [INF] Application Starting Up...
2025-07-05 03:34:18.922 +06:00 [INF] Home page visited
2025-07-05 03:36:29.344 +06:00 [ERR] An unhandled exception has occurred while executing the request.
System.ArgumentOutOfRangeException: Token a000000 is not valid in the scope of module System.ModuleHandle. (Parameter 'methodToken')
   at System.ModuleHandle.ResolveMethodHandleInternal(RuntimeModule module, Int32 methodToken, ReadOnlySpan`1 typeInstantiationContext, ReadOnlySpan`1 methodInstantiationContext)
   at System.ModuleHandle.ResolveMethodHandle(Int32 methodToken, RuntimeTypeHandle[] typeInstantiationContext, RuntimeTypeHandle[] methodInstantiationContext)
   at System.Reflection.RuntimeCustomAttributeData..ctor(RuntimeModule scope, MetadataToken caCtorToken, ConstArray& blob)
   at System.Reflection.RuntimeCustomAttributeData.GetCustomAttributes(RuntimeModule module, Int32 tkTarget)
   at System.Reflection.NullabilityInfoContext.Create(PropertyInfo propertyInfo)
   at System.Text.Json.Serialization.Metadata.DefaultJsonTypeInfoResolver.DeterminePropertyNullability(JsonPropertyInfo propertyInfo, MemberInfo memberInfo, NullabilityInfoContext nullabilityCtx)
   at System.Text.Json.Serialization.Metadata.DefaultJsonTypeInfoResolver.PopulatePropertyInfo(JsonPropertyInfo jsonPropertyInfo, MemberInfo memberInfo, JsonConverter customConverter, Nullable`1 ignoreCondition, NullabilityInfoContext nullabilityCtx, Boolean shouldCheckForRequiredKeyword, Boolean hasJsonIncludeAttribute)
   at System.Text.Json.Serialization.Metadata.DefaultJsonTypeInfoResolver.CreatePropertyInfo(JsonTypeInfo typeInfo, Type typeToConvert, MemberInfo memberInfo, NullabilityInfoContext nullabilityCtx, JsonSerializerOptions options, Boolean shouldCheckForRequiredKeyword, Boolean hasJsonIncludeAttribute)
   at System.Text.Json.Serialization.Metadata.DefaultJsonTypeInfoResolver.AddMembersDeclaredBySuperType(JsonTypeInfo typeInfo, Type currentType, NullabilityInfoContext nullabilityCtx, Boolean constructorHasSetsRequiredMembersAttribute, PropertyHierarchyResolutionState& state)
   at System.Text.Json.Serialization.Metadata.DefaultJsonTypeInfoResolver.PopulateProperties(JsonTypeInfo typeInfo, NullabilityInfoContext nullabilityCtx)
   at System.Text.Json.Serialization.Metadata.DefaultJsonTypeInfoResolver.CreateTypeInfoCore(Type type, JsonConverter converter, JsonSerializerOptions options)
   at System.Text.Json.Serialization.Metadata.DefaultJsonTypeInfoResolver.GetTypeInfo(Type type, JsonSerializerOptions options)
   at System.Text.Json.JsonSerializerOptions.GetTypeInfoNoCaching(Type type)
   at System.Text.Json.JsonSerializerOptions.CachingContext.CreateCacheEntry(Type type, CachingContext context)
--- End of stack trace from previous location ---
   at System.Text.Json.JsonSerializerOptions.GetTypeInfoInternal(Type type, Boolean ensureConfigured, Nullable`1 ensureNotNull, Boolean resolveIfMutable, Boolean fallBackToNearestAncestorType)
   at System.Text.Json.JsonSerializerOptions.GetTypeInfoForRootType(Type type, Boolean fallBackToNearestAncestorType)
   at System.Text.Json.JsonSerializer.SerializeAsync(PipeWriter utf8Json, Object value, Type inputType, JsonSerializerOptions options, CancellationToken cancellationToken)
   at Microsoft.AspNetCore.Mvc.Infrastructure.SystemTextJsonResultExecutor.ExecuteAsync(ActionContext context, JsonResult result)
   at Microsoft.AspNetCore.Mvc.Infrastructure.ResourceInvoker.<InvokeNextResultFilterAsync>g__Awaited|30_0[TFilter,TFilterAsync](ResourceInvoker invoker, Task lastTask, State next, Scope scope, Object state, Boolean isCompleted)
   at Microsoft.AspNetCore.Mvc.Infrastructure.ResourceInvoker.Rethrow(ResultExecutedContextSealed context)
   at Microsoft.AspNetCore.Mvc.Infrastructure.ResourceInvoker.ResultNext[TFilter,TFilterAsync](State& next, Scope& scope, Object& state, Boolean& isCompleted)
   at Microsoft.AspNetCore.Mvc.Infrastructure.ResourceInvoker.InvokeResultFilters()
--- End of stack trace from previous location ---
   at Microsoft.AspNetCore.Mvc.Infrastructure.ResourceInvoker.<InvokeNextResourceFilter>g__Awaited|25_0(ResourceInvoker invoker, Task lastTask, State next, Scope scope, Object state, Boolean isCompleted)
   at Microsoft.AspNetCore.Mvc.Infrastructure.ResourceInvoker.Rethrow(ResourceExecutedContextSealed context)
   at Microsoft.AspNetCore.Mvc.Infrastructure.ResourceInvoker.Next(State& next, Scope& scope, Object& state, Boolean& isCompleted)
   at Microsoft.AspNetCore.Mvc.Infrastructure.ResourceInvoker.<InvokeFilterPipelineAsync>g__Awaited|20_0(ResourceInvoker invoker, Task lastTask, State next, Scope scope, Object state, Boolean isCompleted)
   at Microsoft.AspNetCore.Mvc.Infrastructure.ResourceInvoker.<InvokeAsync>g__Awaited|17_0(ResourceInvoker invoker, Task task, IDisposable scope)
   at Microsoft.AspNetCore.Mvc.Infrastructure.ResourceInvoker.<InvokeAsync>g__Awaited|17_0(ResourceInvoker invoker, Task task, IDisposable scope)
   at Microsoft.AspNetCore.Authorization.AuthorizationMiddleware.Invoke(HttpContext context)
   at Microsoft.AspNetCore.Authentication.AuthenticationMiddleware.Invoke(HttpContext context)
   at Microsoft.AspNetCore.Diagnostics.DeveloperExceptionPageMiddlewareImpl.Invoke(HttpContext context)
2025-07-05 03:36:34.116 +06:00 [ERR] An unhandled exception has occurred while executing the request.
System.ArgumentOutOfRangeException: Token a000000 is not valid in the scope of module System.ModuleHandle. (Parameter 'methodToken')
   at System.ModuleHandle.ResolveMethodHandleInternal(RuntimeModule module, Int32 methodToken, ReadOnlySpan`1 typeInstantiationContext, ReadOnlySpan`1 methodInstantiationContext)
   at System.ModuleHandle.ResolveMethodHandle(Int32 methodToken, RuntimeTypeHandle[] typeInstantiationContext, RuntimeTypeHandle[] methodInstantiationContext)
   at System.Reflection.RuntimeCustomAttributeData..ctor(RuntimeModule scope, MetadataToken caCtorToken, ConstArray& blob)
   at System.Reflection.RuntimeCustomAttributeData.GetCustomAttributes(RuntimeModule module, Int32 tkTarget)
   at System.Reflection.NullabilityInfoContext.Create(PropertyInfo propertyInfo)
   at System.Text.Json.Serialization.Metadata.DefaultJsonTypeInfoResolver.DeterminePropertyNullability(JsonPropertyInfo propertyInfo, MemberInfo memberInfo, NullabilityInfoContext nullabilityCtx)
   at System.Text.Json.Serialization.Metadata.DefaultJsonTypeInfoResolver.PopulatePropertyInfo(JsonPropertyInfo jsonPropertyInfo, MemberInfo memberInfo, JsonConverter customConverter, Nullable`1 ignoreCondition, NullabilityInfoContext nullabilityCtx, Boolean shouldCheckForRequiredKeyword, Boolean hasJsonIncludeAttribute)
   at System.Text.Json.Serialization.Metadata.DefaultJsonTypeInfoResolver.CreatePropertyInfo(JsonTypeInfo typeInfo, Type typeToConvert, MemberInfo memberInfo, NullabilityInfoContext nullabilityCtx, JsonSerializerOptions options, Boolean shouldCheckForRequiredKeyword, Boolean hasJsonIncludeAttribute)
   at System.Text.Json.Serialization.Metadata.DefaultJsonTypeInfoResolver.AddMembersDeclaredBySuperType(JsonTypeInfo typeInfo, Type currentType, NullabilityInfoContext nullabilityCtx, Boolean constructorHasSetsRequiredMembersAttribute, PropertyHierarchyResolutionState& state)
   at System.Text.Json.Serialization.Metadata.DefaultJsonTypeInfoResolver.PopulateProperties(JsonTypeInfo typeInfo, NullabilityInfoContext nullabilityCtx)
   at System.Text.Json.Serialization.Metadata.DefaultJsonTypeInfoResolver.CreateTypeInfoCore(Type type, JsonConverter converter, JsonSerializerOptions options)
   at System.Text.Json.Serialization.Metadata.DefaultJsonTypeInfoResolver.GetTypeInfo(Type type, JsonSerializerOptions options)
   at System.Text.Json.JsonSerializerOptions.GetTypeInfoNoCaching(Type type)
   at System.Text.Json.JsonSerializerOptions.CachingContext.CreateCacheEntry(Type type, CachingContext context)
--- End of stack trace from previous location ---
   at System.Text.Json.JsonSerializerOptions.GetTypeInfoInternal(Type type, Boolean ensureConfigured, Nullable`1 ensureNotNull, Boolean resolveIfMutable, Boolean fallBackToNearestAncestorType)
   at System.Text.Json.JsonSerializerOptions.GetTypeInfoForRootType(Type type, Boolean fallBackToNearestAncestorType)
   at System.Text.Json.JsonSerializer.SerializeAsync(PipeWriter utf8Json, Object value, Type inputType, JsonSerializerOptions options, CancellationToken cancellationToken)
   at Microsoft.AspNetCore.Mvc.Infrastructure.SystemTextJsonResultExecutor.ExecuteAsync(ActionContext context, JsonResult result)
   at Microsoft.AspNetCore.Mvc.Infrastructure.ResourceInvoker.<InvokeNextResultFilterAsync>g__Awaited|30_0[TFilter,TFilterAsync](ResourceInvoker invoker, Task lastTask, State next, Scope scope, Object state, Boolean isCompleted)
   at Microsoft.AspNetCore.Mvc.Infrastructure.ResourceInvoker.Rethrow(ResultExecutedContextSealed context)
   at Microsoft.AspNetCore.Mvc.Infrastructure.ResourceInvoker.ResultNext[TFilter,TFilterAsync](State& next, Scope& scope, Object& state, Boolean& isCompleted)
   at Microsoft.AspNetCore.Mvc.Infrastructure.ResourceInvoker.InvokeResultFilters()
--- End of stack trace from previous location ---
   at Microsoft.AspNetCore.Mvc.Infrastructure.ResourceInvoker.<InvokeNextResourceFilter>g__Awaited|25_0(ResourceInvoker invoker, Task lastTask, State next, Scope scope, Object state, Boolean isCompleted)
   at Microsoft.AspNetCore.Mvc.Infrastructure.ResourceInvoker.Rethrow(ResourceExecutedContextSealed context)
   at Microsoft.AspNetCore.Mvc.Infrastructure.ResourceInvoker.Next(State& next, Scope& scope, Object& state, Boolean& isCompleted)
   at Microsoft.AspNetCore.Mvc.Infrastructure.ResourceInvoker.<InvokeFilterPipelineAsync>g__Awaited|20_0(ResourceInvoker invoker, Task lastTask, State next, Scope scope, Object state, Boolean isCompleted)
   at Microsoft.AspNetCore.Mvc.Infrastructure.ResourceInvoker.<InvokeAsync>g__Awaited|17_0(ResourceInvoker invoker, Task task, IDisposable scope)
   at Microsoft.AspNetCore.Mvc.Infrastructure.ResourceInvoker.<InvokeAsync>g__Awaited|17_0(ResourceInvoker invoker, Task task, IDisposable scope)
   at Microsoft.AspNetCore.Authorization.AuthorizationMiddleware.Invoke(HttpContext context)
   at Microsoft.AspNetCore.Authentication.AuthenticationMiddleware.Invoke(HttpContext context)
   at Microsoft.AspNetCore.Diagnostics.DeveloperExceptionPageMiddlewareImpl.Invoke(HttpContext context)
2025-07-05 03:36:46.018 +06:00 [INF] Application Starting Up...
2025-07-05 03:36:47.551 +06:00 [INF] Home page visited
2025-07-05 03:37:35.697 +06:00 [INF] Application Starting Up...
2025-07-05 03:37:37.335 +06:00 [INF] Home page visited
2025-07-05 03:37:41.739 +06:00 [INF] Home page visited
2025-07-05 03:38:52.460 +06:00 [WRN] Unable to configure Browser Link script injection on the response. 
2025-07-05 03:38:52.460 +06:00 [WRN] Unable to configure browser refresh script injection on the response. Consider manually adding '<script src="/_framework/aspnetcore-browser-refresh.js"></script>' to the body of the page.
2025-07-05 11:45:03.435 +06:00 [INF] Application Starting Up...
2025-07-05 11:45:05.564 +06:00 [INF] Home page visited
2025-07-05 11:47:16.694 +06:00 [INF] Application Starting Up...
2025-07-05 11:47:17.980 +06:00 [INF] Home page visited
2025-07-05 11:47:20.960 +06:00 [INF] Home page visited
2025-07-05 11:50:41.580 +06:00 [INF] Application Starting Up...
2025-07-05 11:50:42.919 +06:00 [INF] Home page visited
2025-07-05 11:50:45.279 +06:00 [INF] Home page visited
2025-07-05 11:52:27.291 +06:00 [INF] Application Starting Up...
2025-07-05 11:52:28.599 +06:00 [INF] Home page visited
2025-07-05 11:53:10.390 +06:00 [INF] Application Starting Up...
2025-07-05 11:53:11.680 +06:00 [INF] Home page visited
2025-07-05 11:54:42.816 +06:00 [INF] Application Starting Up...
2025-07-05 11:54:44.130 +06:00 [INF] Home page visited
2025-07-05 12:01:23.322 +06:00 [INF] Application Starting Up...
2025-07-05 12:01:24.599 +06:00 [INF] Home page visited
2025-07-05 12:07:02.547 +06:00 [INF] Application Starting Up...
2025-07-05 12:07:03.873 +06:00 [INF] Home page visited
2025-07-05 12:08:22.257 +06:00 [INF] Application Starting Up...
2025-07-05 12:08:23.586 +06:00 [INF] Home page visited
2025-07-05 12:10:55.285 +06:00 [INF] Application Starting Up...
2025-07-05 12:10:56.734 +06:00 [INF] Home page visited
2025-07-05 12:10:59.104 +06:00 [INF] Home page visited
2025-07-05 20:18:48.957 +06:00 [INF] Application Starting Up...
2025-07-05 20:18:52.365 +06:00 [INF] Home page visited
2025-07-05 20:19:57.086 +06:00 [ERR] Error adding product
Autofac.Core.DependencyResolutionException: An exception was thrown while activating DevSkill.Inventory.Application.Features.Products.Commands.ProductAddCommandHandler.
 ---> Autofac.Core.DependencyResolutionException: Unable to resolve the type 'DevSkill.Inventory.Infrastructure.Services.ImageService' because the lifetime scope it belongs in can't be located. The following services are exposed by this registration:
- DevSkill.Inventory.Application.Services.IImageService

Details
 ---> Autofac.Core.DependencyResolutionException: No scope with a tag matching 'AutofacWebRequest' is visible from the scope in which the instance was requested.

If you see this during execution of a web application, it generally indicates that a component registered as per-HTTP request is being requested by a SingleInstance() component (or a similar scenario). Under the web integration always request dependencies from the dependency resolver or the request lifetime scope, never from the container itself.

See https://autofac.rtfd.io/help/no-matching-scope for more info.
   at Autofac.Core.Lifetime.MatchingScopeLifetime.FindScope(ISharingLifetimeScope mostNestedVisibleScope)
   at Autofac.Core.Resolving.Middleware.ScopeSelectionMiddleware.Execute(ResolveRequestContext context, Action`1 next)
   --- End of inner exception stack trace ---
   at Autofac.Core.Resolving.Middleware.ScopeSelectionMiddleware.Execute(ResolveRequestContext context, Action`1 next)
   at Autofac.Core.Resolving.Middleware.CircularDependencyDetectorMiddleware.Execute(ResolveRequestContext context, Action`1 next)
   at Autofac.Core.Resolving.ResolveOperation.GetOrCreateInstance(ISharingLifetimeScope currentOperationScope, ResolveRequest& request)
   at Autofac.Core.Activators.Reflection.BoundConstructor.Instantiate()
   at Autofac.Core.Activators.Reflection.ReflectionActivator.<>c__DisplayClass14_0.<UseSingleConstructorActivation>b__0(ResolveRequestContext context, Action`1 next)
   at Autofac.Core.Resolving.Middleware.DisposalTrackingMiddleware.Execute(ResolveRequestContext context, Action`1 next)
   at Autofac.Core.Resolving.Middleware.ActivatorErrorHandlingMiddleware.Execute(ResolveRequestContext context, Action`1 next)
   --- End of inner exception stack trace ---
   at Autofac.Core.Resolving.Middleware.ActivatorErrorHandlingMiddleware.Execute(ResolveRequestContext context, Action`1 next)
   at Autofac.Core.Resolving.Middleware.SharingMiddleware.Execute(ResolveRequestContext context, Action`1 next)
   at Autofac.Core.Resolving.Middleware.CircularDependencyDetectorMiddleware.Execute(ResolveRequestContext context, Action`1 next)
   at Autofac.Core.Resolving.ResolveOperation.GetOrCreateInstance(ISharingLifetimeScope currentOperationScope, ResolveRequest& request)
   at Autofac.Core.Resolving.ResolveOperation.ExecuteOperation(ResolveRequest& request)
   at Autofac.ResolutionExtensions.TryResolveService(IComponentContext context, Service service, IEnumerable`1 parameters, Object& instance)
   at Autofac.ResolutionExtensions.ResolveService(IComponentContext context, Service service, IEnumerable`1 parameters)
   at Microsoft.Extensions.DependencyInjection.ServiceProviderServiceExtensions.GetRequiredService(IServiceProvider provider, Type serviceType)
   at Microsoft.Extensions.DependencyInjection.ServiceProviderServiceExtensions.GetRequiredService[T](IServiceProvider provider)
   at MediatR.Wrappers.RequestHandlerWrapperImpl`1.<>c__DisplayClass1_0.<<Handle>g__Handler|0>d.MoveNext()
--- End of stack trace from previous location ---
   at DevSkill.Inventory.Web.Areas.Admin.Controllers.ProductsController.Add(ProductAddCommand model) in D:\Asp.Net Core MVC Jalal Sir\devSkill_Final\ss\aspnet-b11-shahadat\DevSkill.Inventory\DevSkill.Inventory.Web\Areas\Admin\Controllers\ProductsController.cs:line 45
2025-07-05 20:25:05.736 +06:00 [INF] Application Starting Up...
2025-07-05 20:25:06.928 +06:00 [INF] Home page visited
2025-07-05 20:31:15.345 +06:00 [INF] Application Starting Up...
2025-07-05 20:31:16.669 +06:00 [INF] Home page visited
2025-07-05 20:34:35.327 +06:00 [INF] Application Starting Up...
2025-07-05 20:34:36.561 +06:00 [INF] Home page visited
2025-07-05 20:37:14.078 +06:00 [ERR] Error adding product
System.InvalidOperationException: Unable to track an entity of type 'Product' because its primary key property 'Id' is null.
   at Microsoft.EntityFrameworkCore.ChangeTracking.Internal.NullableKeyIdentityMap`1.Add(InternalEntityEntry entry)
   at Microsoft.EntityFrameworkCore.ChangeTracking.Internal.StateManager.StartTracking(InternalEntityEntry entry)
   at Microsoft.EntityFrameworkCore.ChangeTracking.Internal.InternalEntityEntry.SetEntityState(EntityState oldState, EntityState newState, Boolean acceptChanges, Boolean modifyProperties)
   at Microsoft.EntityFrameworkCore.ChangeTracking.Internal.InternalEntityEntry.SetEntityStateAsync(EntityState entityState, Boolean acceptChanges, Boolean modifyProperties, Nullable`1 forceStateWhenUnknownKey, Nullable`1 fallbackState, CancellationToken cancellationToken)
   at Microsoft.EntityFrameworkCore.ChangeTracking.Internal.EntityGraphAttacher.PaintActionAsync(EntityEntryGraphNode`1 node, CancellationToken cancellationToken)
   at Microsoft.EntityFrameworkCore.ChangeTracking.Internal.EntityEntryGraphIterator.TraverseGraphAsync[TState](EntityEntryGraphNode`1 node, Func`3 handleNode, CancellationToken cancellationToken)
   at Microsoft.EntityFrameworkCore.ChangeTracking.Internal.EntityGraphAttacher.AttachGraphAsync(InternalEntityEntry rootEntry, EntityState targetState, EntityState storeGeneratedWithKeySetTargetState, Boolean forceStateWhenUnknownKey, CancellationToken cancellationToken)
   at Microsoft.EntityFrameworkCore.Internal.InternalDbSet`1.AddAsync(TEntity entity, CancellationToken cancellationToken)
   at DevSkill.Inventory.Infrastructure.Repositories.Repository`2.AddAsync(TEntity entity) in D:\Asp.Net Core MVC Jalal Sir\devSkill_Final\ss\aspnet-b11-shahadat\DevSkill.Inventory\DevSkill.Inventory.Infrastructure\Repositories\Repository.cs:line 30
   at DevSkill.Inventory.Application.Features.Products.Commands.ProductAddCommandHandler.Handle(ProductAddCommand request, CancellationToken cancellationToken) in D:\Asp.Net Core MVC Jalal Sir\devSkill_Final\ss\aspnet-b11-shahadat\DevSkill.Inventory\DevSkill.Inventory.Application\Features\Products\Commands\ProductAddCommandHandler.cs:line 35
   at MediatR.Wrappers.RequestHandlerWrapperImpl`1.<>c__DisplayClass1_0.<<Handle>g__Handler|0>d.MoveNext()
--- End of stack trace from previous location ---
   at DevSkill.Inventory.Web.Areas.Admin.Controllers.ProductsController.Add(ProductAddCommand model) in D:\Asp.Net Core MVC Jalal Sir\devSkill_Final\ss\aspnet-b11-shahadat\DevSkill.Inventory\DevSkill.Inventory.Web\Areas\Admin\Controllers\ProductsController.cs:line 45
2025-07-05 20:37:59.933 +06:00 [ERR] Error adding product
System.InvalidOperationException: Unable to track an entity of type 'Product' because its primary key property 'Id' is null.
   at Microsoft.EntityFrameworkCore.ChangeTracking.Internal.NullableKeyIdentityMap`1.Add(InternalEntityEntry entry)
   at Microsoft.EntityFrameworkCore.ChangeTracking.Internal.StateManager.StartTracking(InternalEntityEntry entry)
   at Microsoft.EntityFrameworkCore.ChangeTracking.Internal.InternalEntityEntry.SetEntityState(EntityState oldState, EntityState newState, Boolean acceptChanges, Boolean modifyProperties)
   at Microsoft.EntityFrameworkCore.ChangeTracking.Internal.InternalEntityEntry.SetEntityStateAsync(EntityState entityState, Boolean acceptChanges, Boolean modifyProperties, Nullable`1 forceStateWhenUnknownKey, Nullable`1 fallbackState, CancellationToken cancellationToken)
   at Microsoft.EntityFrameworkCore.ChangeTracking.Internal.EntityGraphAttacher.PaintActionAsync(EntityEntryGraphNode`1 node, CancellationToken cancellationToken)
   at Microsoft.EntityFrameworkCore.ChangeTracking.Internal.EntityEntryGraphIterator.TraverseGraphAsync[TState](EntityEntryGraphNode`1 node, Func`3 handleNode, CancellationToken cancellationToken)
   at Microsoft.EntityFrameworkCore.ChangeTracking.Internal.EntityGraphAttacher.AttachGraphAsync(InternalEntityEntry rootEntry, EntityState targetState, EntityState storeGeneratedWithKeySetTargetState, Boolean forceStateWhenUnknownKey, CancellationToken cancellationToken)
   at Microsoft.EntityFrameworkCore.Internal.InternalDbSet`1.AddAsync(TEntity entity, CancellationToken cancellationToken)
   at DevSkill.Inventory.Infrastructure.Repositories.Repository`2.AddAsync(TEntity entity) in D:\Asp.Net Core MVC Jalal Sir\devSkill_Final\ss\aspnet-b11-shahadat\DevSkill.Inventory\DevSkill.Inventory.Infrastructure\Repositories\Repository.cs:line 30
   at DevSkill.Inventory.Application.Features.Products.Commands.ProductAddCommandHandler.Handle(ProductAddCommand request, CancellationToken cancellationToken) in D:\Asp.Net Core MVC Jalal Sir\devSkill_Final\ss\aspnet-b11-shahadat\DevSkill.Inventory\DevSkill.Inventory.Application\Features\Products\Commands\ProductAddCommandHandler.cs:line 35
   at MediatR.Wrappers.RequestHandlerWrapperImpl`1.<>c__DisplayClass1_0.<<Handle>g__Handler|0>d.MoveNext()
--- End of stack trace from previous location ---
   at DevSkill.Inventory.Web.Areas.Admin.Controllers.ProductsController.Add(ProductAddCommand model) in D:\Asp.Net Core MVC Jalal Sir\devSkill_Final\ss\aspnet-b11-shahadat\DevSkill.Inventory\DevSkill.Inventory.Web\Areas\Admin\Controllers\ProductsController.cs:line 45
2025-07-05 20:49:49.765 +06:00 [INF] Application Starting Up...
2025-07-05 20:49:51.088 +06:00 [INF] Home page visited
2025-07-05 21:39:57.278 +06:00 [INF] Application Starting Up...
2025-07-05 21:39:58.642 +06:00 [INF] Home page visited
2025-07-05 21:41:29.817 +06:00 [INF] Application Starting Up...
2025-07-05 21:41:31.109 +06:00 [INF] Home page visited
2025-07-05 22:42:32.390 +06:00 [INF] Application Starting Up...
2025-07-05 22:42:33.792 +06:00 [INF] Home page visited
2025-07-05 22:43:30.257 +06:00 [INF] Application Starting Up...
2025-07-05 22:43:31.592 +06:00 [INF] Home page visited
2025-07-05 22:44:41.665 +06:00 [INF] Home page visited
2025-07-05 22:45:15.010 +06:00 [INF] Home page visited
2025-07-05 22:47:57.710 +06:00 [INF] Application Starting Up...
2025-07-05 22:47:58.968 +06:00 [INF] Home page visited
2025-07-05 22:50:26.702 +06:00 [INF] Application Starting Up...
2025-07-05 22:50:28.049 +06:00 [INF] Home page visited
2025-07-05 22:50:30.828 +06:00 [INF] Home page visited
2025-07-05 23:48:34.941 +06:00 [INF] Application Starting Up...
2025-07-05 23:48:36.253 +06:00 [INF] Home page visited
