2025-01-16 22:39:46.744 +06:00 [INF] Application Starting Up...
2025-01-16 22:39:55.613 +06:00 [INF] Home page visited
2025-01-16 22:41:37.810 +06:00 [INF] Application Starting Up...
2025-01-16 22:41:38.145 +06:00 [FTL] Application start-up failed
Microsoft.Extensions.Hosting.HostAbortedException: The host was aborted.
   at Microsoft.Extensions.Hosting.HostFactoryResolver.HostingListener.ThrowHostAborted()
   at Microsoft.Extensions.Hosting.HostFactoryResolver.HostingListener.OnNext(KeyValuePair`2 value)
   at System.Diagnostics.DiagnosticListener.Write(String name, Object value)
   at Microsoft.Extensions.Hosting.HostBuilder.ResolveHost(IServiceProvider serviceProvider, DiagnosticListener diagnosticListener)
   at Microsoft.Extensions.Hosting.HostApplicationBuilder.Build()
   at Microsoft.AspNetCore.Builder.WebApplicationBuilder.Build()
   at Program.<Main>$(String[] args) in D:\Asp.Net Core MVC Jalal Sir\aspnet-b11-shahadat\DevSkill.Inventory\DevSkill.Inventory.Web\Program.cs:line 51
2025-01-16 22:42:53.937 +06:00 [INF] Application Starting Up...
2025-01-16 22:42:54.263 +06:00 [FTL] Application start-up failed
Microsoft.Extensions.Hosting.HostAbortedException: The host was aborted.
   at Microsoft.Extensions.Hosting.HostFactoryResolver.HostingListener.ThrowHostAborted()
   at Microsoft.Extensions.Hosting.HostFactoryResolver.HostingListener.OnNext(KeyValuePair`2 value)
   at System.Diagnostics.DiagnosticListener.Write(String name, Object value)
   at Microsoft.Extensions.Hosting.HostBuilder.ResolveHost(IServiceProvider serviceProvider, DiagnosticListener diagnosticListener)
   at Microsoft.Extensions.Hosting.HostApplicationBuilder.Build()
   at Microsoft.AspNetCore.Builder.WebApplicationBuilder.Build()
   at Program.<Main>$(String[] args) in D:\Asp.Net Core MVC Jalal Sir\aspnet-b11-shahadat\DevSkill.Inventory\DevSkill.Inventory.Web\Program.cs:line 51
2025-01-16 22:44:35.070 +06:00 [INF] Application Starting Up...
2025-01-16 22:44:39.603 +06:00 [INF] Home page visited
